This file contains any messages produced by compilers while
running configure, to aid debugging if configure makes a mistake.

It was created by galan configure 0.3.0_beta9, which was
generated by GNU Autoconf 2.59.  Invocation command line was

  $ ./configure --enable-maintainer-mode

## --------- ##
## Platform. ##
## --------- ##

hostname = mobilat
uname -m = i686
uname -r = 2.6.19.1
uname -s = Linux
uname -v = #1 PREEMPT Thu Dec 28 08:32:41 CET 2006

/usr/bin/uname -p = unknown
/bin/uname -X     = unknown

/bin/arch              = i686
/usr/bin/arch -k       = unknown
/usr/convex/getsysinfo = unknown
hostinfo               = unknown
/bin/machine           = unknown
/usr/bin/oslevel       = unknown
/bin/universe          = unknown

PATH: /usr/local/bin
PATH: /usr/bin
PATH: /bin
PATH: /opt/bin
PATH: /usr/i686-pc-linux-gnu/gcc-bin/4.1.2
PATH: /opt/blackdown-jdk-1.4.2.03/bin
PATH: /opt/blackdown-jdk-1.4.2.03/jre/bin
PATH: /usr/kde/3.5/bin
PATH: /usr/qt/3/bin


## ----------- ##
## Core tests. ##
## ----------- ##

configure:1652: checking for a BSD-compatible install
configure:1707: result: /usr/bin/install -c
configure:1718: checking whether build environment is sane
configure:1761: result: yes
configure:1786: WARNING: `missing' script is too old or missing
configure:1794: checking for gawk
configure:1810: found /usr/bin/gawk
configure:1820: result: gawk
configure:1830: checking whether make sets $(MAKE)
configure:1850: result: yes
configure:2018: checking whether to enable maintainer-specific portions of Makefiles
configure:2027: result: yes
configure:2089: checking for gcc
configure:2105: found /usr/bin/gcc
configure:2115: result: gcc
configure:2359: checking for C compiler version
configure:2362: gcc --version </dev/null >&5
gcc (GCC) 4.1.2 (Gentoo 4.1.2)
Copyright (C) 2006 Free Software Foundation, Inc.
This is free software; see the source for copying conditions.  There is NO
warranty; not even for MERCHANTABILITY or FITNESS FOR A PARTICULAR PURPOSE.

configure:2365: $? = 0
configure:2367: gcc -v </dev/null >&5
Using built-in specs.
Target: i686-pc-linux-gnu
Configured with: /var/tmp/portage/sys-devel/gcc-4.1.2/work/gcc-4.1.2/configure --prefix=/usr --bindir=/usr/i686-pc-linux-gnu/gcc-bin/4.1.2 --includedir=/usr/lib/gcc/i686-pc-linux-gnu/4.1.2/include --datadir=/usr/share/gcc-data/i686-pc-linux-gnu/4.1.2 --mandir=/usr/share/gcc-data/i686-pc-linux-gnu/4.1.2/man --infodir=/usr/share/gcc-data/i686-pc-linux-gnu/4.1.2/info --with-gxx-include-dir=/usr/lib/gcc/i686-pc-linux-gnu/4.1.2/include/g++-v4 --host=i686-pc-linux-gnu --build=i686-pc-linux-gnu --disable-altivec --enable-nls --without-included-gettext --with-system-zlib --disable-checking --disable-werror --enable-secureplt --disable-libunwind-exceptions --disable-multilib --enable-libmudflap --disable-libssp --disable-libgcj --enable-languages=c,c++,fortran --enable-shared --enable-threads=posix --enable-__cxa_atexit --enable-clocale=gnu
Thread model: posix
gcc version 4.1.2 (Gentoo 4.1.2)
configure:2370: $? = 0
configure:2372: gcc -V </dev/null >&5
gcc: '-V' option must have argument
configure:2375: $? = 1
configure:2398: checking for C compiler default output file name
configure:2401: gcc    conftest.c  >&5
configure:2404: $? = 0
configure:2450: result: a.out
configure:2455: checking whether the C compiler works
configure:2461: ./a.out
configure:2464: $? = 0
configure:2481: result: yes
configure:2488: checking whether we are cross compiling
configure:2490: result: no
configure:2493: checking for suffix of executables
configure:2495: gcc -o conftest    conftest.c  >&5
configure:2498: $? = 0
configure:2523: result: 
configure:2529: checking for suffix of object files
configure:2550: gcc -c   conftest.c >&5
configure:2553: $? = 0
configure:2575: result: o
configure:2579: checking whether we are using the GNU C compiler
configure:2603: gcc -c   conftest.c >&5
configure:2609: $? = 0
configure:2613: test -z 
			 || test ! -s conftest.err
configure:2616: $? = 0
configure:2619: test -s conftest.o
configure:2622: $? = 0
configure:2635: result: yes
configure:2641: checking whether gcc accepts -g
configure:2662: gcc -c -g  conftest.c >&5
configure:2668: $? = 0
configure:2672: test -z 
			 || test ! -s conftest.err
configure:2675: $? = 0
configure:2678: test -s conftest.o
configure:2681: $? = 0
configure:2692: result: yes
configure:2709: checking for gcc option to accept ANSI C
configure:2779: gcc  -c -g -O2  conftest.c >&5
configure:2785: $? = 0
configure:2789: test -z 
			 || test ! -s conftest.err
configure:2792: $? = 0
configure:2795: test -s conftest.o
configure:2798: $? = 0
configure:2816: result: none needed
configure:2834: gcc -c -g -O2  conftest.c >&5
conftest.c:2: error: expected '=', ',', ';', 'asm' or '__attribute__' before 'me'
configure:2840: $? = 1
configure: failed program was:
| #ifndef __cplusplus
|   choke me
| #endif
configure:2984: checking for style of include used by make
configure:3012: result: GNU
configure:3040: checking dependency style of gcc
configure:3123: result: gcc3
configure:3144: checking for gcc option to accept ANSI C
configure:3207: gcc  -c -g -O2  conftest.c >&5
configure:3213: $? = 0
configure:3217: test -z 
			 || test ! -s conftest.err
configure:3220: $? = 0
configure:3223: test -s conftest.o
configure:3226: $? = 0
configure:3241: result: none needed
configure:3334: checking build system type
configure:3352: result: i686-pc-linux-gnu
configure:3360: checking host system type
configure:3374: result: i686-pc-linux-gnu
configure:3382: checking for a sed that does not truncate output
configure:3436: result: /usr/bin/sed
configure:3439: checking for egrep
configure:3449: result: grep -E
configure:3465: checking for ld used by gcc
configure:3532: result: /usr/i686-pc-linux-gnu/bin/ld
configure:3541: checking if the linker (/usr/i686-pc-linux-gnu/bin/ld) is GNU ld
configure:3556: result: yes
configure:3561: checking for /usr/i686-pc-linux-gnu/bin/ld option to reload object files
configure:3568: result: -r
configure:3586: checking for BSD-compatible nm
configure:3635: result: /usr/bin/nm -B
configure:3639: checking whether ln -s works
configure:3643: result: yes
configure:3650: checking how to recognise dependent libraries
configure:3826: result: pass_all
configure:4062: checking how to run the C preprocessor
configure:4097: gcc -E  conftest.c
configure:4103: $? = 0
configure:4135: gcc -E  conftest.c
conftest.c:11:28: error: ac_nonexistent.h: No such file or directory
configure:4141: $? = 1
configure: failed program was:
| /* confdefs.h.  */
| 
| #define PACKAGE_NAME "galan"
| #define PACKAGE_TARNAME "galan"
| #define PACKAGE_VERSION "0.3.0_beta9"
| #define PACKAGE_STRING "galan 0.3.0_beta9"
| #define PACKAGE_BUGREPORT "torbenh@users.sourceforge.net"
| #define PACKAGE "galan"
| #define VERSION "0.3.0_beta9"
| /* end confdefs.h.  */
| #include <ac_nonexistent.h>
configure:4180: result: gcc -E
configure:4204: gcc -E  conftest.c
configure:4210: $? = 0
configure:4242: gcc -E  conftest.c
conftest.c:11:28: error: ac_nonexistent.h: No such file or directory
configure:4248: $? = 1
configure: failed program was:
| /* confdefs.h.  */
| 
| #define PACKAGE_NAME "galan"
| #define PACKAGE_TARNAME "galan"
| #define PACKAGE_VERSION "0.3.0_beta9"
| #define PACKAGE_STRING "galan 0.3.0_beta9"
| #define PACKAGE_BUGREPORT "torbenh@users.sourceforge.net"
| #define PACKAGE "galan"
| #define VERSION "0.3.0_beta9"
| /* end confdefs.h.  */
| #include <ac_nonexistent.h>
configure:4292: checking for ANSI C header files
configure:4317: gcc -c -g -O2  conftest.c >&5
configure:4323: $? = 0
configure:4327: test -z 
			 || test ! -s conftest.err
configure:4330: $? = 0
configure:4333: test -s conftest.o
configure:4336: $? = 0
configure:4425: gcc -o conftest -g -O2   conftest.c  >&5
conftest.c: In function 'main':
conftest.c:28: warning: incompatible implicit declaration of built-in function 'exit'
configure:4428: $? = 0
configure:4430: ./conftest
configure:4433: $? = 0
configure:4448: result: yes
configure:4472: checking for sys/types.h
configure:4488: gcc -c -g -O2  conftest.c >&5
configure:4494: $? = 0
configure:4498: test -z 
			 || test ! -s conftest.err
configure:4501: $? = 0
configure:4504: test -s conftest.o
configure:4507: $? = 0
configure:4518: result: yes
configure:4472: checking for sys/stat.h
configure:4488: gcc -c -g -O2  conftest.c >&5
configure:4494: $? = 0
configure:4498: test -z 
			 || test ! -s conftest.err
configure:4501: $? = 0
configure:4504: test -s conftest.o
configure:4507: $? = 0
configure:4518: result: yes
configure:4472: checking for stdlib.h
configure:4488: gcc -c -g -O2  conftest.c >&5
configure:4494: $? = 0
configure:4498: test -z 
			 || test ! -s conftest.err
configure:4501: $? = 0
configure:4504: test -s conftest.o
configure:4507: $? = 0
configure:4518: result: yes
configure:4472: checking for string.h
configure:4488: gcc -c -g -O2  conftest.c >&5
configure:4494: $? = 0
configure:4498: test -z 
			 || test ! -s conftest.err
configure:4501: $? = 0
configure:4504: test -s conftest.o
configure:4507: $? = 0
configure:4518: result: yes
configure:4472: checking for memory.h
configure:4488: gcc -c -g -O2  conftest.c >&5
configure:4494: $? = 0
configure:4498: test -z 
			 || test ! -s conftest.err
configure:4501: $? = 0
configure:4504: test -s conftest.o
configure:4507: $? = 0
configure:4518: result: yes
configure:4472: checking for strings.h
configure:4488: gcc -c -g -O2  conftest.c >&5
configure:4494: $? = 0
configure:4498: test -z 
			 || test ! -s conftest.err
configure:4501: $? = 0
configure:4504: test -s conftest.o
configure:4507: $? = 0
configure:4518: result: yes
configure:4472: checking for inttypes.h
configure:4488: gcc -c -g -O2  conftest.c >&5
configure:4494: $? = 0
configure:4498: test -z 
			 || test ! -s conftest.err
configure:4501: $? = 0
configure:4504: test -s conftest.o
configure:4507: $? = 0
configure:4518: result: yes
configure:4472: checking for stdint.h
configure:4488: gcc -c -g -O2  conftest.c >&5
configure:4494: $? = 0
configure:4498: test -z 
			 || test ! -s conftest.err
configure:4501: $? = 0
configure:4504: test -s conftest.o
configure:4507: $? = 0
configure:4518: result: yes
configure:4472: checking for unistd.h
configure:4488: gcc -c -g -O2  conftest.c >&5
configure:4494: $? = 0
configure:4498: test -z 
			 || test ! -s conftest.err
configure:4501: $? = 0
configure:4504: test -s conftest.o
configure:4507: $? = 0
configure:4518: result: yes
configure:4544: checking dlfcn.h usability
configure:4556: gcc -c -g -O2  conftest.c >&5
configure:4562: $? = 0
configure:4566: test -z 
			 || test ! -s conftest.err
configure:4569: $? = 0
configure:4572: test -s conftest.o
configure:4575: $? = 0
configure:4585: result: yes
configure:4589: checking dlfcn.h presence
configure:4599: gcc -E  conftest.c
configure:4605: $? = 0
configure:4625: result: yes
configure:4660: checking for dlfcn.h
configure:4667: result: yes
configure:4732: checking for g++
configure:4748: found /usr/bin/g++
configure:4758: result: g++
configure:4774: checking for C++ compiler version
configure:4777: g++ --version </dev/null >&5
g++ (GCC) 4.1.2 (Gentoo 4.1.2)
Copyright (C) 2006 Free Software Foundation, Inc.
This is free software; see the source for copying conditions.  There is NO
warranty; not even for MERCHANTABILITY or FITNESS FOR A PARTICULAR PURPOSE.

configure:4780: $? = 0
configure:4782: g++ -v </dev/null >&5
Using built-in specs.
Target: i686-pc-linux-gnu
Configured with: /var/tmp/portage/sys-devel/gcc-4.1.2/work/gcc-4.1.2/configure --prefix=/usr --bindir=/usr/i686-pc-linux-gnu/gcc-bin/4.1.2 --includedir=/usr/lib/gcc/i686-pc-linux-gnu/4.1.2/include --datadir=/usr/share/gcc-data/i686-pc-linux-gnu/4.1.2 --mandir=/usr/share/gcc-data/i686-pc-linux-gnu/4.1.2/man --infodir=/usr/share/gcc-data/i686-pc-linux-gnu/4.1.2/info --with-gxx-include-dir=/usr/lib/gcc/i686-pc-linux-gnu/4.1.2/include/g++-v4 --host=i686-pc-linux-gnu --build=i686-pc-linux-gnu --disable-altivec --enable-nls --without-included-gettext --with-system-zlib --disable-checking --disable-werror --enable-secureplt --disable-libunwind-exceptions --disable-multilib --enable-libmudflap --disable-libssp --disable-libgcj --enable-languages=c,c++,fortran --enable-shared --enable-threads=posix --enable-__cxa_atexit --enable-clocale=gnu
Thread model: posix
gcc version 4.1.2 (Gentoo 4.1.2)
configure:4785: $? = 0
configure:4787: g++ -V </dev/null >&5
g++: '-V' option must have argument
configure:4790: $? = 1
configure:4793: checking whether we are using the GNU C++ compiler
configure:4817: g++ -c   conftest.cc >&5
configure:4823: $? = 0
configure:4827: test -z 
			 || test ! -s conftest.err
configure:4830: $? = 0
configure:4833: test -s conftest.o
configure:4836: $? = 0
configure:4849: result: yes
configure:4855: checking whether g++ accepts -g
configure:4876: g++ -c -g  conftest.cc >&5
configure:4882: $? = 0
configure:4886: test -z 
			 || test ! -s conftest.err
configure:4889: $? = 0
configure:4892: test -s conftest.o
configure:4895: $? = 0
configure:4906: result: yes
configure:4948: g++ -c -g -O2  conftest.cc >&5
configure:4954: $? = 0
configure:4958: test -z 
			 || test ! -s conftest.err
configure:4961: $? = 0
configure:4964: test -s conftest.o
configure:4967: $? = 0
configure:4993: g++ -c -g -O2  conftest.cc >&5
conftest.cc: In function 'int main()':
conftest.cc:26: error: 'exit' was not declared in this scope
configure:4999: $? = 1
configure: failed program was:
| /* confdefs.h.  */
| 
| #define PACKAGE_NAME "galan"
| #define PACKAGE_TARNAME "galan"
| #define PACKAGE_VERSION "0.3.0_beta9"
| #define PACKAGE_STRING "galan 0.3.0_beta9"
| #define PACKAGE_BUGREPORT "torbenh@users.sourceforge.net"
| #define PACKAGE "galan"
| #define VERSION "0.3.0_beta9"
| #define STDC_HEADERS 1
| #define HAVE_SYS_TYPES_H 1
| #define HAVE_SYS_STAT_H 1
| #define HAVE_STDLIB_H 1
| #define HAVE_STRING_H 1
| #define HAVE_MEMORY_H 1
| #define HAVE_STRINGS_H 1
| #define HAVE_INTTYPES_H 1
| #define HAVE_STDINT_H 1
| #define HAVE_UNISTD_H 1
| #define HAVE_DLFCN_H 1
| /* end confdefs.h.  */
| 
| int
| main ()
| {
| exit (42);
|   ;
|   return 0;
| }
configure:4948: g++ -c -g -O2  conftest.cc >&5
configure:4954: $? = 0
configure:4958: test -z 
			 || test ! -s conftest.err
configure:4961: $? = 0
configure:4964: test -s conftest.o
configure:4967: $? = 0
configure:4993: g++ -c -g -O2  conftest.cc >&5
configure:4999: $? = 0
configure:5003: test -z 
			 || test ! -s conftest.err
configure:5006: $? = 0
configure:5009: test -s conftest.o
configure:5012: $? = 0
configure:5037: checking dependency style of g++
configure:5120: result: gcc3
configure:5147: checking how to run the C++ preprocessor
configure:5178: g++ -E  conftest.cc
configure:5184: $? = 0
configure:5216: g++ -E  conftest.cc
conftest.cc:25:28: error: ac_nonexistent.h: No such file or directory
configure:5222: $? = 1
configure: failed program was:
| /* confdefs.h.  */
| 
| #define PACKAGE_NAME "galan"
| #define PACKAGE_TARNAME "galan"
| #define PACKAGE_VERSION "0.3.0_beta9"
| #define PACKAGE_STRING "galan 0.3.0_beta9"
| #define PACKAGE_BUGREPORT "torbenh@users.sourceforge.net"
| #define PACKAGE "galan"
| #define VERSION "0.3.0_beta9"
| #define STDC_HEADERS 1
| #define HAVE_SYS_TYPES_H 1
| #define HAVE_SYS_STAT_H 1
| #define HAVE_STDLIB_H 1
| #define HAVE_STRING_H 1
| #define HAVE_MEMORY_H 1
| #define HAVE_STRINGS_H 1
| #define HAVE_INTTYPES_H 1
| #define HAVE_STDINT_H 1
| #define HAVE_UNISTD_H 1
| #define HAVE_DLFCN_H 1
| #ifdef __cplusplus
| extern "C" void std::exit (int) throw (); using std::exit;
| #endif
| /* end confdefs.h.  */
| #include <ac_nonexistent.h>
configure:5261: result: g++ -E
configure:5285: g++ -E  conftest.cc
configure:5291: $? = 0
configure:5323: g++ -E  conftest.cc
conftest.cc:25:28: error: ac_nonexistent.h: No such file or directory
configure:5329: $? = 1
configure: failed program was:
| /* confdefs.h.  */
| 
| #define PACKAGE_NAME "galan"
| #define PACKAGE_TARNAME "galan"
| #define PACKAGE_VERSION "0.3.0_beta9"
| #define PACKAGE_STRING "galan 0.3.0_beta9"
| #define PACKAGE_BUGREPORT "torbenh@users.sourceforge.net"
| #define PACKAGE "galan"
| #define VERSION "0.3.0_beta9"
| #define STDC_HEADERS 1
| #define HAVE_SYS_TYPES_H 1
| #define HAVE_SYS_STAT_H 1
| #define HAVE_STDLIB_H 1
| #define HAVE_STRING_H 1
| #define HAVE_MEMORY_H 1
| #define HAVE_STRINGS_H 1
| #define HAVE_INTTYPES_H 1
| #define HAVE_STDINT_H 1
| #define HAVE_UNISTD_H 1
| #define HAVE_DLFCN_H 1
| #ifdef __cplusplus
| extern "C" void std::exit (int) throw (); using std::exit;
| #endif
| /* end confdefs.h.  */
| #include <ac_nonexistent.h>
configure:5426: checking for g77
configure:5455: result: no
configure:5426: checking for f77
configure:5455: result: no
configure:5426: checking for xlf
configure:5455: result: no
configure:5426: checking for frt
configure:5455: result: no
configure:5426: checking for pgf77
configure:5455: result: no
configure:5426: checking for fort77
configure:5455: result: no
configure:5426: checking for fl32
configure:5455: result: no
configure:5426: checking for af77
configure:5455: result: no
configure:5426: checking for f90
configure:5455: result: no
configure:5426: checking for xlf90
configure:5455: result: no
configure:5426: checking for pgf90
configure:5455: result: no
configure:5426: checking for epcf90
configure:5455: result: no
configure:5426: checking for f95
configure:5455: result: no
configure:5426: checking for fort
configure:5455: result: no
configure:5426: checking for xlf95
configure:5455: result: no
configure:5426: checking for ifc
configure:5455: result: no
configure:5426: checking for efc
configure:5455: result: no
configure:5426: checking for pgf95
configure:5455: result: no
configure:5426: checking for lf95
configure:5455: result: no
configure:5426: checking for gfortran
configure:5442: found /usr/bin/gfortran
configure:5452: result: gfortran
configure:5467: checking for Fortran 77 compiler version
configure:5470: gfortran --version </dev/null >&5
GNU Fortran 95 (GCC) 4.1.2 (Gentoo 4.1.2)
Copyright (C) 2006 Free Software Foundation, Inc.

GNU Fortran comes with NO WARRANTY, to the extent permitted by law.
You may redistribute copies of GNU Fortran
under the terms of the GNU General Public License.
For more information about these matters, see the file named COPYING

configure:5473: $? = 0
configure:5475: gfortran -v </dev/null >&5
Using built-in specs.
Target: i686-pc-linux-gnu
Configured with: /var/tmp/portage/sys-devel/gcc-4.1.2/work/gcc-4.1.2/configure --prefix=/usr --bindir=/usr/i686-pc-linux-gnu/gcc-bin/4.1.2 --includedir=/usr/lib/gcc/i686-pc-linux-gnu/4.1.2/include --datadir=/usr/share/gcc-data/i686-pc-linux-gnu/4.1.2 --mandir=/usr/share/gcc-data/i686-pc-linux-gnu/4.1.2/man --infodir=/usr/share/gcc-data/i686-pc-linux-gnu/4.1.2/info --with-gxx-include-dir=/usr/lib/gcc/i686-pc-linux-gnu/4.1.2/include/g++-v4 --host=i686-pc-linux-gnu --build=i686-pc-linux-gnu --disable-altivec --enable-nls --without-included-gettext --with-system-zlib --disable-checking --disable-werror --enable-secureplt --disable-libunwind-exceptions --disable-multilib --enable-libmudflap --disable-libssp --disable-libgcj --enable-languages=c,c++,fortran --enable-shared --enable-threads=posix --enable-__cxa_atexit --enable-clocale=gnu
Thread model: posix
gcc version 4.1.2 (Gentoo 4.1.2)
configure:5478: $? = 0
configure:5480: gfortran -V </dev/null >&5
gfortran: '-V' option must have argument
configure:5483: $? = 1
configure:5491: checking whether we are using the GNU Fortran 77 compiler
configure:5505: gfortran -c  conftest.F >&5
configure:5511: $? = 0
configure:5515: test -z 
			 || test ! -s conftest.err
configure:5518: $? = 0
configure:5521: test -s conftest.o
configure:5524: $? = 0
configure:5537: result: yes
configure:5543: checking whether gfortran accepts -g
configure:5555: gfortran -c -g conftest.f >&5
configure:5561: $? = 0
configure:5565: test -z 
			 || test ! -s conftest.err
configure:5568: $? = 0
configure:5571: test -s conftest.o
configure:5574: $? = 0
configure:5586: result: yes
configure:5616: checking the maximum length of command line arguments
configure:5725: result: 32768
configure:5736: checking command to parse /usr/bin/nm -B output from gcc object
configure:5841: gcc -c -g -O2  conftest.c >&5
configure:5844: $? = 0
configure:5848: /usr/bin/nm -B conftest.o \| sed -n -e 's/^.*[ 	]\([ABCDGIRSTW][ABCDGIRSTW]*\)[ 	][ 	]*\([_A-Za-z][_A-Za-z0-9]*\)$/\1 \2 \2/p' \> conftest.nm
configure:5851: $? = 0
configure:5903: gcc -o conftest -g -O2   conftest.c conftstm.o >&5
configure:5906: $? = 0
configure:5944: result: ok
configure:5948: checking for objdir
configure:5963: result: .libs
configure:6053: checking for ar
configure:6069: found /usr/bin/ar
configure:6080: result: ar
configure:6133: checking for ranlib
configure:6149: found /usr/bin/ranlib
configure:6160: result: ranlib
configure:6213: checking for strip
configure:6229: found /usr/bin/strip
configure:6240: result: strip
configure:6463: checking for correct ltmain.sh version
configure:6513: result: yes
configure:6573: checking if gcc supports -fno-rtti -fno-exceptions
configure:6591: gcc -c -g -O2  -fno-rtti -fno-exceptions conftest.c >&5
cc1: warning: command line option "-fno-rtti" is valid for C++/ObjC++ but not for C
configure:6595: $? = 0
configure:6608: result: no
configure:6623: checking for gcc option to produce PIC
configure:6833: result: -fPIC
configure:6841: checking if gcc PIC flag -fPIC works
configure:6859: gcc -c -g -O2  -fPIC -DPIC conftest.c >&5
configure:6863: $? = 0
configure:6876: result: yes
configure:6904: checking if gcc static flag -static works
configure:6932: result: yes
configure:6942: checking if gcc supports -c -o file.o
configure:6963: gcc -c -g -O2  -o out/conftest2.o conftest.c >&5
configure:6967: $? = 0
configure:6989: result: yes
configure:7015: checking whether the gcc linker (/usr/i686-pc-linux-gnu/bin/ld) supports shared libraries
configure:7973: result: yes
configure:7994: checking whether -lc should be explicitly linked in
configure:7999: gcc -c -g -O2  conftest.c >&5
configure:8002: $? = 0
configure:8017: gcc -shared conftest.o  -v -Wl,-soname -Wl,conftest -o conftest 2\>\&1 \| grep  -lc  \>/dev/null 2\>\&1
configure:8020: $? = 0
configure:8032: result: no
configure:8040: checking dynamic linker characteristics
configure:8665: result: GNU/Linux ld.so
configure:8674: checking how to hardcode library paths into programs
configure:8699: result: immediate
configure:8713: checking whether stripping libraries is possible
configure:8718: result: yes
configure:8844: checking for shl_load
configure:8901: gcc -o conftest -g -O2   conftest.c  >&5
/tmp/ccIYXDBC.o: In function `main':
/home/torbenh/cvs/galan-0.3/conftest.c:64: undefined reference to `shl_load'
/tmp/ccIYXDBC.o:(.data+0x0): undefined reference to `shl_load'
collect2: ld returned 1 exit status
configure:8907: $? = 1
configure: failed program was:
| /* confdefs.h.  */
| 
| #define PACKAGE_NAME "galan"
| #define PACKAGE_TARNAME "galan"
| #define PACKAGE_VERSION "0.3.0_beta9"
| #define PACKAGE_STRING "galan 0.3.0_beta9"
| #define PACKAGE_BUGREPORT "torbenh@users.sourceforge.net"
| #define PACKAGE "galan"
| #define VERSION "0.3.0_beta9"
| #define STDC_HEADERS 1
| #define HAVE_SYS_TYPES_H 1
| #define HAVE_SYS_STAT_H 1
| #define HAVE_STDLIB_H 1
| #define HAVE_STRING_H 1
| #define HAVE_MEMORY_H 1
| #define HAVE_STRINGS_H 1
| #define HAVE_INTTYPES_H 1
| #define HAVE_STDINT_H 1
| #define HAVE_UNISTD_H 1
| #define HAVE_DLFCN_H 1
| #ifdef __cplusplus
| extern "C" void std::exit (int) throw (); using std::exit;
| #endif
| /* end confdefs.h.  */
| /* Define shl_load to an innocuous variant, in case <limits.h> declares shl_load.
|    For example, HP-UX 11i <limits.h> declares gettimeofday.  */
| #define shl_load innocuous_shl_load
| 
| /* System header to define __stub macros and hopefully few prototypes,
|     which can conflict with char shl_load (); below.
|     Prefer <limits.h> to <assert.h> if __STDC__ is defined, since
|     <limits.h> exists even on freestanding compilers.  */
| 
| #ifdef __STDC__
| # include <limits.h>
| #else
| # include <assert.h>
| #endif
| 
| #undef shl_load
| 
| /* Override any gcc2 internal prototype to avoid an error.  */
| #ifdef __cplusplus
| extern "C"
| {
| #endif
| /* We use char because int might match the return type of a gcc2
|    builtin and then its argument prototype would still apply.  */
| char shl_load ();
| /* The GNU C library defines this for functions which it implements
|     to always fail with ENOSYS.  Some functions are actually named
|     something starting with __ and the normal name is an alias.  */
| #if defined (__stub_shl_load) || defined (__stub___shl_load)
| choke me
| #else
| char (*f) () = shl_load;
| #endif
| #ifdef __cplusplus
| }
| #endif
| 
| int
| main ()
| {
| return f != shl_load;
|   ;
|   return 0;
| }
configure:8932: result: no
configure:8937: checking for shl_load in -ldld
configure:8967: gcc -o conftest -g -O2   conftest.c -ldld   >&5
/usr/lib/gcc/i686-pc-linux-gnu/4.1.2/../../../../i686-pc-linux-gnu/bin/ld: cannot find -ldld
collect2: ld returned 1 exit status
configure:8973: $? = 1
configure: failed program was:
| /* confdefs.h.  */
| 
| #define PACKAGE_NAME "galan"
| #define PACKAGE_TARNAME "galan"
| #define PACKAGE_VERSION "0.3.0_beta9"
| #define PACKAGE_STRING "galan 0.3.0_beta9"
| #define PACKAGE_BUGREPORT "torbenh@users.sourceforge.net"
| #define PACKAGE "galan"
| #define VERSION "0.3.0_beta9"
| #define STDC_HEADERS 1
| #define HAVE_SYS_TYPES_H 1
| #define HAVE_SYS_STAT_H 1
| #define HAVE_STDLIB_H 1
| #define HAVE_STRING_H 1
| #define HAVE_MEMORY_H 1
| #define HAVE_STRINGS_H 1
| #define HAVE_INTTYPES_H 1
| #define HAVE_STDINT_H 1
| #define HAVE_UNISTD_H 1
| #define HAVE_DLFCN_H 1
| #ifdef __cplusplus
| extern "C" void std::exit (int) throw (); using std::exit;
| #endif
| /* end confdefs.h.  */
| 
| /* Override any gcc2 internal prototype to avoid an error.  */
| #ifdef __cplusplus
| extern "C"
| #endif
| /* We use char because int might match the return type of a gcc2
|    builtin and then its argument prototype would still apply.  */
| char shl_load ();
| int
| main ()
| {
| shl_load ();
|   ;
|   return 0;
| }
configure:8999: result: no
configure:9004: checking for dlopen
configure:9061: gcc -o conftest -g -O2   conftest.c  >&5
/tmp/cciW1Xjg.o: In function `main':
/home/torbenh/cvs/galan-0.3/conftest.c:64: undefined reference to `dlopen'
/tmp/cciW1Xjg.o:(.data+0x0): undefined reference to `dlopen'
collect2: ld returned 1 exit status
configure:9067: $? = 1
configure: failed program was:
| /* confdefs.h.  */
| 
| #define PACKAGE_NAME "galan"
| #define PACKAGE_TARNAME "galan"
| #define PACKAGE_VERSION "0.3.0_beta9"
| #define PACKAGE_STRING "galan 0.3.0_beta9"
| #define PACKAGE_BUGREPORT "torbenh@users.sourceforge.net"
| #define PACKAGE "galan"
| #define VERSION "0.3.0_beta9"
| #define STDC_HEADERS 1
| #define HAVE_SYS_TYPES_H 1
| #define HAVE_SYS_STAT_H 1
| #define HAVE_STDLIB_H 1
| #define HAVE_STRING_H 1
| #define HAVE_MEMORY_H 1
| #define HAVE_STRINGS_H 1
| #define HAVE_INTTYPES_H 1
| #define HAVE_STDINT_H 1
| #define HAVE_UNISTD_H 1
| #define HAVE_DLFCN_H 1
| #ifdef __cplusplus
| extern "C" void std::exit (int) throw (); using std::exit;
| #endif
| /* end confdefs.h.  */
| /* Define dlopen to an innocuous variant, in case <limits.h> declares dlopen.
|    For example, HP-UX 11i <limits.h> declares gettimeofday.  */
| #define dlopen innocuous_dlopen
| 
| /* System header to define __stub macros and hopefully few prototypes,
|     which can conflict with char dlopen (); below.
|     Prefer <limits.h> to <assert.h> if __STDC__ is defined, since
|     <limits.h> exists even on freestanding compilers.  */
| 
| #ifdef __STDC__
| # include <limits.h>
| #else
| # include <assert.h>
| #endif
| 
| #undef dlopen
| 
| /* Override any gcc2 internal prototype to avoid an error.  */
| #ifdef __cplusplus
| extern "C"
| {
| #endif
| /* We use char because int might match the return type of a gcc2
|    builtin and then its argument prototype would still apply.  */
| char dlopen ();
| /* The GNU C library defines this for functions which it implements
|     to always fail with ENOSYS.  Some functions are actually named
|     something starting with __ and the normal name is an alias.  */
| #if defined (__stub_dlopen) || defined (__stub___dlopen)
| choke me
| #else
| char (*f) () = dlopen;
| #endif
| #ifdef __cplusplus
| }
| #endif
| 
| int
| main ()
| {
| return f != dlopen;
|   ;
|   return 0;
| }
configure:9092: result: no
configure:9097: checking for dlopen in -ldl
configure:9127: gcc -o conftest -g -O2   conftest.c -ldl   >&5
configure:9133: $? = 0
configure:9137: test -z 
			 || test ! -s conftest.err
configure:9140: $? = 0
configure:9143: test -s conftest
configure:9146: $? = 0
configure:9159: result: yes
configure:9334: checking whether a program can dlopen itself
configure:9408: gcc -o conftest -g -O2  -DHAVE_DLFCN_H  -Wl,--export-dynamic conftest.c -ldl  >&5
configure: In function 'main':
configure:9404: warning: incompatible implicit declaration of built-in function 'exit'
configure:9411: $? = 0
configure:9429: result: yes
configure:9434: checking whether a statically linked program can dlopen itself
configure:9508: gcc -o conftest -g -O2  -DHAVE_DLFCN_H  -Wl,--export-dynamic -static conftest.c -ldl  >&5
configure: In function 'main':
configure:9504: warning: incompatible implicit declaration of built-in function 'exit'
/tmp/cckPzbpd.o: In function `main':
/home/torbenh/cvs/galan-0.3/configure:9492: warning: Using 'dlopen' in statically linked applications requires at runtime the shared libraries from the glibc version used for linking
configure:9511: $? = 0
/lib/: cannot read file data: Is a directory
configure:9529: result: no
configure:9552: checking if libtool supports shared libraries
configure:9554: result: yes
configure:9557: checking whether to build shared libraries
configure:9578: result: yes
configure:9581: checking whether to build static libraries
configure:9585: result: yes
configure:9677: creating libtool
configure:10265: checking for ld used by g++
configure:10332: result: /usr/i686-pc-linux-gnu/bin/ld
configure:10341: checking if the linker (/usr/i686-pc-linux-gnu/bin/ld) is GNU ld
configure:10356: result: yes
configure:10407: checking whether the g++ linker (/usr/i686-pc-linux-gnu/bin/ld) supports shared libraries
configure:11345: result: yes
configure:11363: g++ -c -g -O2  conftest.cpp >&5
configure:11366: $? = 0
configure:11485: checking for g++ option to produce PIC
configure:11759: result: -fPIC
configure:11767: checking if g++ PIC flag -fPIC works
configure:11785: g++ -c -g -O2  -fPIC -DPIC conftest.cpp >&5
configure:11789: $? = 0
configure:11802: result: yes
configure:11830: checking if g++ static flag -static works
configure:11858: result: yes
configure:11868: checking if g++ supports -c -o file.o
configure:11889: g++ -c -g -O2  -o out/conftest2.o conftest.cpp >&5
configure:11893: $? = 0
configure:11915: result: yes
configure:11941: checking whether the g++ linker (/usr/i686-pc-linux-gnu/bin/ld) supports shared libraries
configure:11966: result: yes
configure:12033: checking dynamic linker characteristics
configure:12658: result: GNU/Linux ld.so
configure:12667: checking how to hardcode library paths into programs
configure:12692: result: immediate
configure:13218: checking if libtool supports shared libraries
configure:13220: result: yes
configure:13223: checking whether to build shared libraries
configure:13243: result: yes
configure:13246: checking whether to build static libraries
configure:13250: result: yes
configure:13260: checking for gfortran option to produce PIC
configure:13470: result: -fPIC
configure:13478: checking if gfortran PIC flag -fPIC works
configure:13496: gfortran -c -g -O2 -fPIC conftest.f >&5
configure:13500: $? = 0
configure:13513: result: yes
configure:13541: checking if gfortran static flag -static works
configure:13569: result: yes
configure:13579: checking if gfortran supports -c -o file.o
configure:13600: gfortran -c -g -O2 -o out/conftest2.o conftest.f >&5
configure:13604: $? = 0
configure:13626: result: yes
configure:13652: checking whether the gfortran linker (/usr/i686-pc-linux-gnu/bin/ld) supports shared libraries
configure:14590: result: yes
configure:14657: checking dynamic linker characteristics
configure:15282: result: GNU/Linux ld.so
configure:15291: checking how to hardcode library paths into programs
configure:15316: result: immediate
configure:18918: checking for ANSI C header files
configure:19074: result: yes
configure:19099: checking esd.h usability
configure:19111: gcc -c -g -O2  conftest.c >&5
configure:19117: $? = 0
configure:19121: test -z 
			 || test ! -s conftest.err
configure:19124: $? = 0
configure:19127: test -s conftest.o
configure:19130: $? = 0
configure:19140: result: yes
configure:19144: checking esd.h presence
configure:19154: gcc -E  conftest.c
configure:19160: $? = 0
configure:19180: result: yes
configure:19215: checking for esd.h
configure:19222: result: yes
configure:19241: checking vorbis/vorbisfile.h usability
configure:19253: gcc -c -g -O2  conftest.c >&5
configure:19259: $? = 0
configure:19263: test -z 
			 || test ! -s conftest.err
configure:19266: $? = 0
configure:19269: test -s conftest.o
configure:19272: $? = 0
configure:19282: result: yes
configure:19286: checking vorbis/vorbisfile.h presence
configure:19296: gcc -E  conftest.c
configure:19302: $? = 0
configure:19322: result: yes
configure:19357: checking for vorbis/vorbisfile.h
configure:19364: result: yes
configure:19387: checking audiofile.h usability
configure:19399: gcc -c -g -O2  conftest.c >&5
configure:19405: $? = 0
configure:19409: test -z 
			 || test ! -s conftest.err
configure:19412: $? = 0
configure:19415: test -s conftest.o
configure:19418: $? = 0
configure:19428: result: yes
configure:19432: checking audiofile.h presence
configure:19442: gcc -E  conftest.c
configure:19448: $? = 0
configure:19468: result: yes
configure:19503: checking for audiofile.h
configure:19510: result: yes
configure:19537: checking sys/soundcard.h usability
configure:19549: gcc -c -g -O2  conftest.c >&5
configure:19555: $? = 0
configure:19559: test -z 
			 || test ! -s conftest.err
configure:19562: $? = 0
configure:19565: test -s conftest.o
configure:19568: $? = 0
configure:19578: result: yes
configure:19582: checking sys/soundcard.h presence
configure:19592: gcc -E  conftest.c
configure:19598: $? = 0
configure:19618: result: yes
configure:19653: checking for sys/soundcard.h
configure:19660: result: yes
configure:19690: checking srfftw.h usability
configure:19702: gcc -c -g -O2  conftest.c >&5
configure:19708: $? = 0
configure:19712: test -z 
			 || test ! -s conftest.err
configure:19715: $? = 0
configure:19718: test -s conftest.o
configure:19721: $? = 0
configure:19731: result: yes
configure:19735: checking srfftw.h presence
configure:19745: gcc -E  conftest.c
configure:19751: $? = 0
configure:19771: result: yes
configure:19806: checking for srfftw.h
configure:19813: result: yes
configure:19860: checking for gob2
configure:19878: found /usr/bin/gob2
configure:19890: result: /usr/bin/gob2
configure:19899: checking for gob-2 >= 2.0.0
configure:19911: result: ok
configure:20004: checking for pkg-config
configure:20022: found /usr/bin/pkg-config
configure:20034: result: /usr/bin/pkg-config
configure:20049: checking pkg-config is at least version 0.9.0
configure:20052: result: yes
configure:20063: checking for GTK
configure:20071: $PKG_CONFIG --exists --print-errors "gtk+-2.0 >= 2.0 "
configure:20074: $? = 0
configure:20089: $PKG_CONFIG --exists --print-errors "gtk+-2.0 >= 2.0 "
configure:20092: $? = 0
configure:20168: result: yes
configure:20174: checking for GTHREAD
configure:20182: $PKG_CONFIG --exists --print-errors "gthread-2.0 >= 2.0 "
configure:20185: $? = 0
configure:20200: $PKG_CONFIG --exists --print-errors "gthread-2.0 >= 2.0 "
configure:20203: $? = 0
configure:20279: result: yes
configure:20285: checking for GMODULE
configure:20293: $PKG_CONFIG --exists --print-errors "gmodule-2.0 >= 2.0 "
configure:20296: $? = 0
configure:20311: $PKG_CONFIG --exists --print-errors "gmodule-2.0 >= 2.0 "
configure:20314: $? = 0
configure:20390: result: yes
configure:20397: checking for LASH
configure:20405: $PKG_CONFIG --exists --print-errors "lash-1.0 >= 0.5 "
configure:20408: $? = 0
configure:20423: $PKG_CONFIG --exists --print-errors "lash-1.0 >= 0.5 "
configure:20426: $? = 0
configure:20502: result: yes
configure:20538: checking for ALSA CFLAGS
configure:20544: result: 
configure:20547: checking for ALSA LDFLAGS
configure:20556: result:  -lasound -lm -ldl -lpthread
configure:20560: checking for libasound headers version >= 0.9.0
configure:20628: gcc -c -g -O2  conftest.c >&5
configure:20634: $? = 0
configure:20638: test -z 
			 || test ! -s conftest.err
configure:20641: $? = 0
configure:20644: test -s conftest.o
configure:20647: $? = 0
configure:20649: result: found.
configure:20671: checking for snd_ctl_open in -lasound
configure:20701: gcc -o conftest -g -O2   conftest.c -lasound   -lasound -lm -ldl -lpthread  >&5
configure:20707: $? = 0
configure:20711: test -z 
			 || test ! -s conftest.err
configure:20714: $? = 0
configure:20717: test -s conftest
configure:20720: $? = 0
configure:20733: result: yes
configure:20776: checking for GTKGL
configure:20784: $PKG_CONFIG --exists --print-errors "gtkgl-2.0 >= 1.99.0"
configure:20787: $? = 0
configure:20802: $PKG_CONFIG --exists --print-errors "gtkgl-2.0 >= 1.99.0"
configure:20805: $? = 0
configure:20841: result: yes
configure:20865: checking for SNDFILE
configure:20873: $PKG_CONFIG --exists --print-errors "sndfile >= 1.0.0"
configure:20876: $? = 0
configure:20891: $PKG_CONFIG --exists --print-errors "sndfile >= 1.0.0"
configure:20894: $? = 0
configure:20930: result: yes
configure:20936: checking for JACK
configure:20944: $PKG_CONFIG --exists --print-errors "jack >= 0.34.0"
configure:20947: $? = 0
configure:20962: $PKG_CONFIG --exists --print-errors "jack >= 0.34.0"
configure:20965: $? = 0
configure:21001: result: yes
configure:21008: checking for CANVAS
configure:21016: $PKG_CONFIG --exists --print-errors "libgnomecanvas-2.0 >= 2.0"
configure:21019: $? = 0
configure:21034: $PKG_CONFIG --exists --print-errors "libgnomecanvas-2.0 >= 2.0"
configure:21037: $? = 0
configure:21073: result: yes
configure:21088: checking jack/miditypes.h usability
configure:21100: gcc -c -g -O2 -Wall  conftest.c >&5
conftest.c:66:28: error: jack/miditypes.h: No such file or directory
configure:21106: $? = 1
configure: failed program was:
| /* confdefs.h.  */
| 
| #define PACKAGE_NAME "galan"
| #define PACKAGE_TARNAME "galan"
| #define PACKAGE_VERSION "0.3.0_beta9"
| #define PACKAGE_STRING "galan 0.3.0_beta9"
| #define PACKAGE_BUGREPORT "torbenh@users.sourceforge.net"
| #define PACKAGE "galan"
| #define VERSION "0.3.0_beta9"
| #define STDC_HEADERS 1
| #define HAVE_SYS_TYPES_H 1
| #define HAVE_SYS_STAT_H 1
| #define HAVE_STDLIB_H 1
| #define HAVE_STRING_H 1
| #define HAVE_MEMORY_H 1
| #define HAVE_STRINGS_H 1
| #define HAVE_INTTYPES_H 1
| #define HAVE_STDINT_H 1
| #define HAVE_UNISTD_H 1
| #define HAVE_DLFCN_H 1
| #ifdef __cplusplus
| extern "C" void std::exit (int) throw (); using std::exit;
| #endif
| #define STDC_HEADERS 1
| #define HAVE_AUDIOFILE_H 1
| #define HAVE_SYS_SOUNDCARD_H 1
| #define HAVE_SRFFTW_H 1
| #define FFTW_PREFIX 0
| #define WANT_FLOATING_POINT_SAMPLES 1
| #define HAVE_LIBASOUND 1
| /* end confdefs.h.  */
| #include <stdio.h>
| #if HAVE_SYS_TYPES_H
| # include <sys/types.h>
| #endif
| #if HAVE_SYS_STAT_H
| # include <sys/stat.h>
| #endif
| #if STDC_HEADERS
| # include <stdlib.h>
| # include <stddef.h>
| #else
| # if HAVE_STDLIB_H
| #  include <stdlib.h>
| # endif
| #endif
| #if HAVE_STRING_H
| # if !STDC_HEADERS && HAVE_MEMORY_H
| #  include <memory.h>
| # endif
| # include <string.h>
| #endif
| #if HAVE_STRINGS_H
| # include <strings.h>
| #endif
| #if HAVE_INTTYPES_H
| # include <inttypes.h>
| #else
| # if HAVE_STDINT_H
| #  include <stdint.h>
| # endif
| #endif
| #if HAVE_UNISTD_H
| # include <unistd.h>
| #endif
| #include <jack/miditypes.h>
configure:21129: result: no
configure:21133: checking jack/miditypes.h presence
configure:21143: gcc -E  conftest.c
conftest.c:32:28: error: jack/miditypes.h: No such file or directory
configure:21149: $? = 1
configure: failed program was:
| /* confdefs.h.  */
| 
| #define PACKAGE_NAME "galan"
| #define PACKAGE_TARNAME "galan"
| #define PACKAGE_VERSION "0.3.0_beta9"
| #define PACKAGE_STRING "galan 0.3.0_beta9"
| #define PACKAGE_BUGREPORT "torbenh@users.sourceforge.net"
| #define PACKAGE "galan"
| #define VERSION "0.3.0_beta9"
| #define STDC_HEADERS 1
| #define HAVE_SYS_TYPES_H 1
| #define HAVE_SYS_STAT_H 1
| #define HAVE_STDLIB_H 1
| #define HAVE_STRING_H 1
| #define HAVE_MEMORY_H 1
| #define HAVE_STRINGS_H 1
| #define HAVE_INTTYPES_H 1
| #define HAVE_STDINT_H 1
| #define HAVE_UNISTD_H 1
| #define HAVE_DLFCN_H 1
| #ifdef __cplusplus
| extern "C" void std::exit (int) throw (); using std::exit;
| #endif
| #define STDC_HEADERS 1
| #define HAVE_AUDIOFILE_H 1
| #define HAVE_SYS_SOUNDCARD_H 1
| #define HAVE_SRFFTW_H 1
| #define FFTW_PREFIX 0
| #define WANT_FLOATING_POINT_SAMPLES 1
| #define HAVE_LIBASOUND 1
| /* end confdefs.h.  */
| #include <jack/miditypes.h>
configure:21169: result: no
configure:21204: checking for jack/miditypes.h
configure:21211: result: no
configure:21235: checking lrdf.h usability
configure:21247: gcc -c -g -O2 -Wall  conftest.c >&5
configure:21253: $? = 0
configure:21257: test -z 
			 || test ! -s conftest.err
configure:21260: $? = 0
configure:21263: test -s conftest.o
configure:21266: $? = 0
configure:21276: result: yes
configure:21280: checking lrdf.h presence
configure:21290: gcc -E  conftest.c
configure:21296: $? = 0
configure:21316: result: yes
configure:21351: checking for lrdf.h
configure:21358: result: yes
configure:21363: checking for lrdf_init in -llrdf
configure:21393: gcc -o conftest -g -O2 -Wall   conftest.c -llrdf   >&5
configure:21399: $? = 0
configure:21403: test -z 
			 || test ! -s conftest.err
configure:21406: $? = 0
configure:21409: test -s conftest
configure:21412: $? = 0
configure:21425: result: yes
configure:21583: creating ./config.status

## ---------------------- ##
## Running config.status. ##
## ---------------------- ##

This file was extended by galan config.status 0.3.0_beta9, which was
generated by GNU Autoconf 2.59.  Invocation command line was

  CONFIG_FILES    = 
  CONFIG_HEADERS  = 
  CONFIG_LINKS    = 
  CONFIG_COMMANDS = 
  $ ./config.status 

on mobilat

config.status:753: creating Makefile
config.status:753: creating src/Makefile
config.status:753: creating plugins/Makefile
config.status:753: creating plugins/gl/Makefile
config.status:753: creating pixmaps/Makefile
config.status:753: creating sheets/Makefile
config.status:753: creating sheets/complex/Makefile
config.status:753: creating sheets/drums/Makefile
config.status:753: creating sheets/fx/Makefile
config.status:753: creating sheets/misc/Makefile
config.status:753: creating sheets/voices/Makefile
config.status:753: creating sheets/experiments/Makefile
config.status:753: creating galan.spec
config.status:857: creating config.h
config.status:981: config.h is unchanged
config.status:1161: executing depfiles commands

## ---------------- ##
## Cache variables. ##
## ---------------- ##

ac_cv_build=i686-pc-linux-gnu
ac_cv_build_alias=i686-pc-linux-gnu
ac_cv_c_compiler_gnu=yes
ac_cv_cxx_compiler_gnu=yes
ac_cv_env_CANVAS_CFLAGS_set=
ac_cv_env_CANVAS_CFLAGS_value=
ac_cv_env_CANVAS_LIBS_set=
ac_cv_env_CANVAS_LIBS_value=
ac_cv_env_CC_set=
ac_cv_env_CC_value=
ac_cv_env_CFLAGS_set=
ac_cv_env_CFLAGS_value=
ac_cv_env_CPPFLAGS_set=
ac_cv_env_CPPFLAGS_value=
ac_cv_env_CPP_set=
ac_cv_env_CPP_value=
ac_cv_env_CXXCPP_set=
ac_cv_env_CXXCPP_value=
ac_cv_env_CXXFLAGS_set=
ac_cv_env_CXXFLAGS_value=
ac_cv_env_CXX_set=
ac_cv_env_CXX_value=
ac_cv_env_F77_set=
ac_cv_env_F77_value=
ac_cv_env_FFLAGS_set=
ac_cv_env_FFLAGS_value=
ac_cv_env_GMODULE_CFLAGS_set=
ac_cv_env_GMODULE_CFLAGS_value=
ac_cv_env_GMODULE_LIBS_set=
ac_cv_env_GMODULE_LIBS_value=
ac_cv_env_GTHREAD_CFLAGS_set=
ac_cv_env_GTHREAD_CFLAGS_value=
ac_cv_env_GTHREAD_LIBS_set=
ac_cv_env_GTHREAD_LIBS_value=
ac_cv_env_GTKGL_CFLAGS_set=
ac_cv_env_GTKGL_CFLAGS_value=
ac_cv_env_GTKGL_LIBS_set=
ac_cv_env_GTKGL_LIBS_value=
ac_cv_env_GTK_CFLAGS_set=
ac_cv_env_GTK_CFLAGS_value=
ac_cv_env_GTK_LIBS_set=
ac_cv_env_GTK_LIBS_value=
ac_cv_env_JACK_CFLAGS_set=
ac_cv_env_JACK_CFLAGS_value=
ac_cv_env_JACK_LIBS_set=
ac_cv_env_JACK_LIBS_value=
ac_cv_env_LASH_CFLAGS_set=
ac_cv_env_LASH_CFLAGS_value=
ac_cv_env_LASH_LIBS_set=
ac_cv_env_LASH_LIBS_value=
ac_cv_env_LDFLAGS_set=
ac_cv_env_LDFLAGS_value=
ac_cv_env_PKG_CONFIG_set=
ac_cv_env_PKG_CONFIG_value=
ac_cv_env_SNDFILE_CFLAGS_set=
ac_cv_env_SNDFILE_CFLAGS_value=
ac_cv_env_SNDFILE_LIBS_set=
ac_cv_env_SNDFILE_LIBS_value=
ac_cv_env_build_alias_set=
ac_cv_env_build_alias_value=
ac_cv_env_host_alias_set=
ac_cv_env_host_alias_value=
ac_cv_env_target_alias_set=
ac_cv_env_target_alias_value=
ac_cv_exeext=
ac_cv_f77_compiler_gnu=yes
ac_cv_func_dlopen=no
ac_cv_func_shl_load=no
ac_cv_header_audiofile_h=yes
ac_cv_header_dlfcn_h=yes
ac_cv_header_esd_h=yes
ac_cv_header_inttypes_h=yes
ac_cv_header_jack_miditypes_h=no
ac_cv_header_lrdf_h=yes
ac_cv_header_memory_h=yes
ac_cv_header_srfftw_h=yes
ac_cv_header_stdc=yes
ac_cv_header_stdint_h=yes
ac_cv_header_stdlib_h=yes
ac_cv_header_string_h=yes
ac_cv_header_strings_h=yes
ac_cv_header_sys_soundcard_h=yes
ac_cv_header_sys_stat_h=yes
ac_cv_header_sys_types_h=yes
ac_cv_header_unistd_h=yes
ac_cv_header_vorbis_vorbisfile_h=yes
ac_cv_host=i686-pc-linux-gnu
ac_cv_host_alias=i686-pc-linux-gnu
ac_cv_lib_asound_snd_ctl_open=yes
ac_cv_lib_dl_dlopen=yes
ac_cv_lib_dld_shl_load=no
ac_cv_lib_lrdf_lrdf_init=yes
ac_cv_objext=o
ac_cv_path_GOB2=/usr/bin/gob2
ac_cv_path_ac_pt_PKG_CONFIG=/usr/bin/pkg-config
ac_cv_path_install='/usr/bin/install -c'
ac_cv_prog_AWK=gawk
ac_cv_prog_CPP='gcc -E'
ac_cv_prog_CXXCPP='g++ -E'
ac_cv_prog_ac_ct_AR=ar
ac_cv_prog_ac_ct_CC=gcc
ac_cv_prog_ac_ct_CXX=g++
ac_cv_prog_ac_ct_F77=gfortran
ac_cv_prog_ac_ct_RANLIB=ranlib
ac_cv_prog_ac_ct_STRIP=strip
ac_cv_prog_cc_g=yes
ac_cv_prog_cc_stdc=
ac_cv_prog_cxx_g=yes
ac_cv_prog_egrep='grep -E'
ac_cv_prog_f77_g=yes
ac_cv_prog_make_make_set=yes
am_cv_CC_dependencies_compiler_type=gcc3
am_cv_CXX_dependencies_compiler_type=gcc3
am_cv_prog_cc_stdc=
lt_cv_deplibs_check_method=pass_all
lt_cv_dlopen=dlopen
lt_cv_dlopen_libs=-ldl
lt_cv_dlopen_self=yes
lt_cv_dlopen_self_static=no
lt_cv_file_magic_cmd='$MAGIC_CMD'
lt_cv_file_magic_test_file=
lt_cv_ld_reload_flag=-r
lt_cv_objdir=.libs
lt_cv_path_LD=/usr/i686-pc-linux-gnu/bin/ld
lt_cv_path_LDCXX=/usr/i686-pc-linux-gnu/bin/ld
lt_cv_path_NM='/usr/bin/nm -B'
lt_cv_path_SED=/usr/bin/sed
lt_cv_prog_compiler_c_o=yes
lt_cv_prog_compiler_c_o_CXX=yes
lt_cv_prog_compiler_c_o_F77=yes
lt_cv_prog_compiler_rtti_exceptions=no
lt_cv_prog_gnu_ld=yes
lt_cv_prog_gnu_ldcxx=yes
lt_cv_sys_global_symbol_pipe='sed -n -e '\''s/^.*[ 	]\([ABCDGIRSTW][ABCDGIRSTW]*\)[ 	][ 	]*\([_A-Za-z][_A-Za-z0-9]*\)$/\1 \2 \2/p'\'''
lt_cv_sys_global_symbol_to_c_name_address='sed -n -e '\''s/^: \([^ ]*\) $/  {\"\1\", (lt_ptr) 0},/p'\'' -e '\''s/^[BCDEGRST] \([^ ]*\) \([^ ]*\)$/  {"\2", (lt_ptr) \&\2},/p'\'''
lt_cv_sys_global_symbol_to_cdecl='sed -n -e '\''s/^. .* \(.*\)$/extern int \1;/p'\'''
lt_cv_sys_max_cmd_len=32768
lt_lt_cv_prog_compiler_c_o='"yes"'
lt_lt_cv_prog_compiler_c_o_CXX='"yes"'
lt_lt_cv_prog_compiler_c_o_F77='"yes"'
lt_lt_cv_sys_global_symbol_pipe='"sed -n -e '\''s/^.*[ 	]\\([ABCDGIRSTW][ABCDGIRSTW]*\\)[ 	][ 	]*\\([_A-Za-z][_A-Za-z0-9]*\\)\$/\\1 \\2 \\2/p'\''"'
lt_lt_cv_sys_global_symbol_to_c_name_address='"sed -n -e '\''s/^: \\([^ ]*\\) \$/  {\\\"\\1\\\", (lt_ptr) 0},/p'\'' -e '\''s/^[BCDEGRST] \\([^ ]*\\) \\([^ ]*\\)\$/  {\"\\2\", (lt_ptr) \\&\\2},/p'\''"'
lt_lt_cv_sys_global_symbol_to_cdecl='"sed -n -e '\''s/^. .* \\(.*\\)\$/extern int \\1;/p'\''"'
pkg_cv_CANVAS_CFLAGS='-I/usr/include/libgnomecanvas-2.0 -I/usr/include/libart-2.0 -I/usr/include/pango-1.0 -I/usr/include/freetype2 -I/usr/include/gtk-2.0 -I/usr/include/glib-2.0 -I/usr/lib/glib-2.0/include -I/usr/lib/gtk-2.0/include -I/usr/include/atk-1.0 -I/usr/include/cairo -I/usr/include/libpng12  '
pkg_cv_CANVAS_LIBS='-lgnomecanvas-2 -lart_lgpl_2 -lpangoft2-1.0 -lgtk-x11-2.0 -lgdk-x11-2.0 -latk-1.0 -lgdk_pixbuf-2.0 -lm -lpangocairo-1.0 -lpango-1.0 -lcairo -lgobject-2.0 -lgmodule-2.0 -ldl -lglib-2.0  '
pkg_cv_GMODULE_CFLAGS='-I/usr/include/glib-2.0 -I/usr/lib/glib-2.0/include  '
pkg_cv_GMODULE_LIBS='-Wl,--export-dynamic -lgmodule-2.0 -ldl -lglib-2.0  '
pkg_cv_GTHREAD_CFLAGS='-pthread -I/usr/include/glib-2.0 -I/usr/lib/glib-2.0/include  '
pkg_cv_GTHREAD_LIBS='-pthread -lgthread-2.0 -lrt -lglib-2.0  '
pkg_cv_GTKGL_CFLAGS='-I/usr/include/gtkgl-2.0 -I/usr/include/gtk-2.0 -I/usr/lib/gtk-2.0/include -I/usr/include/atk-1.0 -I/usr/include/cairo -I/usr/include/pango-1.0 -I/usr/include/glib-2.0 -I/usr/lib/glib-2.0/include -I/usr/include/freetype2 -I/usr/include/libpng12  '
pkg_cv_GTKGL_LIBS='-lgtkgl-2.0 -lGLU -lGL -lgtk-x11-2.0 -lgdk-x11-2.0 -latk-1.0 -lgdk_pixbuf-2.0 -lm -lpangocairo-1.0 -lpango-1.0 -lcairo -lgobject-2.0 -lgmodule-2.0 -ldl -lglib-2.0  '
pkg_cv_GTK_CFLAGS='-I/usr/include/gtk-2.0 -I/usr/lib/gtk-2.0/include -I/usr/include/atk-1.0 -I/usr/include/cairo -I/usr/include/pango-1.0 -I/usr/include/glib-2.0 -I/usr/lib/glib-2.0/include -I/usr/include/freetype2 -I/usr/include/libpng12  '
pkg_cv_GTK_LIBS='-lgtk-x11-2.0 -lgdk-x11-2.0 -latk-1.0 -lgdk_pixbuf-2.0 -lm -lpangocairo-1.0 -lpango-1.0 -lcairo -lgobject-2.0 -lgmodule-2.0 -ldl -lglib-2.0  '
pkg_cv_JACK_CFLAGS=' '
pkg_cv_JACK_LIBS='-ljack -lpthread -lrt  '
pkg_cv_LASH_CFLAGS='-I/usr/include/lash-1.0 -I/usr/include/alsa  '
pkg_cv_LASH_LIBS='-llash -ljack -lpthread -lrt -lasound  '
pkg_cv_SNDFILE_CFLAGS=' '
pkg_cv_SNDFILE_LIBS='-lsndfile  '

## ----------------- ##
## Output variables. ##
## ----------------- ##

ACLOCAL='aclocal-1.7'
ALSA_CFLAGS=''
ALSA_LIBS=' -lasound -lm -ldl -lpthread'
AMDEPBACKSLASH='\'
AMDEP_FALSE='#'
AMDEP_TRUE=''
AMTAR='tar'
AR='ar'
AUTOCONF='autoconf'
AUTOHEADER='autoheader'
AUTOMAKE='automake-1.7'
AWK='gawk'
CANVAS_CFLAGS='-I/usr/include/libgnomecanvas-2.0 -I/usr/include/libart-2.0 -I/usr/include/pango-1.0 -I/usr/include/freetype2 -I/usr/include/gtk-2.0 -I/usr/include/glib-2.0 -I/usr/lib/glib-2.0/include -I/usr/lib/gtk-2.0/include -I/usr/include/atk-1.0 -I/usr/include/cairo -I/usr/include/libpng12  '
CANVAS_LIBS='-lgnomecanvas-2 -lart_lgpl_2 -lpangoft2-1.0 -lgtk-x11-2.0 -lgdk-x11-2.0 -latk-1.0 -lgdk_pixbuf-2.0 -lm -lpangocairo-1.0 -lpango-1.0 -lcairo -lgobject-2.0 -lgmodule-2.0 -ldl -lglib-2.0  '
CC='gcc'
CCDEPMODE='depmode=gcc3'
CFLAGS='-g -O2 -Wall'
CPP='gcc -E'
CPPFLAGS=''
CXX='g++'
CXXCPP='g++ -E'
CXXDEPMODE='depmode=gcc3'
CXXFLAGS='-g -O2'
CYGPATH_W='echo'
DEFS='-DHAVE_CONFIG_H'
DEPDIR='.deps'
ECHO='echo'
ECHO_C=''
ECHO_N='-n'
ECHO_T=''
EGREP='grep -E'
EXEEXT=''
F77='gfortran'
FFLAGS='-g -O2'
FFTW_LIBS='-lsfftw -lsrfftw'
GMODULE_CFLAGS='-I/usr/include/glib-2.0 -I/usr/lib/glib-2.0/include  '
GMODULE_LIBS='-Wl,--export-dynamic -lgmodule-2.0 -ldl -lglib-2.0  '
GOB2='/usr/bin/gob2'
GTHREAD_CFLAGS='-pthread -I/usr/include/glib-2.0 -I/usr/lib/glib-2.0/include  '
GTHREAD_LIBS='-pthread -lgthread-2.0 -lrt -lglib-2.0  '
GTKGL_CFLAGS='-I/usr/include/gtkgl-2.0 -I/usr/include/gtk-2.0 -I/usr/lib/gtk-2.0/include -I/usr/include/atk-1.0 -I/usr/include/cairo -I/usr/include/pango-1.0 -I/usr/include/glib-2.0 -I/usr/lib/glib-2.0/include -I/usr/include/freetype2 -I/usr/include/libpng12  '
GTKGL_LIBS='-lgtkgl-2.0 -lGLU -lGL -lgtk-x11-2.0 -lgdk-x11-2.0 -latk-1.0 -lgdk_pixbuf-2.0 -lm -lpangocairo-1.0 -lpango-1.0 -lcairo -lgobject-2.0 -lgmodule-2.0 -ldl -lglib-2.0  '
GTK_CFLAGS='-I/usr/include/gtk-2.0 -I/usr/lib/gtk-2.0/include -I/usr/include/atk-1.0 -I/usr/include/cairo -I/usr/include/pango-1.0 -I/usr/include/glib-2.0 -I/usr/lib/glib-2.0/include -I/usr/include/freetype2 -I/usr/include/libpng12  '
GTK_LIBS='-lgtk-x11-2.0 -lgdk-x11-2.0 -latk-1.0 -lgdk_pixbuf-2.0 -lm -lpangocairo-1.0 -lpango-1.0 -lcairo -lgobject-2.0 -lgmodule-2.0 -ldl -lglib-2.0  '
INSTALL_DATA='${INSTALL} -m 644'
INSTALL_PROGRAM='${INSTALL}'
INSTALL_SCRIPT='${INSTALL}'
INSTALL_STRIP_PROGRAM='${SHELL} $(install_sh) -c -s'
JACK_CFLAGS=' '
JACK_LIBS='-ljack -lpthread -lrt  '
LASH_CFLAGS='-I/usr/include/lash-1.0 -I/usr/include/alsa  '
LASH_LIBS='-llash -ljack -lpthread -lrt -lasound  '
LDFLAGS=''
LIBOBJS=''
LIBS=''
LIBTOOL='$(SHELL) $(top_builddir)/libtool'
LN_S='ln -s'
LRDF_CFLAGS=''
LRDF_LIBS='-llrdf'
LTLIBOBJS=''
MAINT=''
MAINTAINER_MODE_FALSE='#'
MAINTAINER_MODE_TRUE=''
MAKEINFO='makeinfo'
OBJEXT='o'
OPTIONAL_PLUGINS=' esd_output.la ogg_ra.la pcm_out.la voice.la joyport.la oss_output.la oss_input.la midi_seq_clock.la midiclock.la fft.la ifft.la alsa_midi.la sndfile_in.la sndfile_out.la jack.la canvascontrol.la'
PACKAGE='galan'
PACKAGE_BUGREPORT='torbenh@users.sourceforge.net'
PACKAGE_NAME='galan'
PACKAGE_STRING='galan 0.3.0_beta9'
PACKAGE_TARNAME='galan'
PACKAGE_VERSION='0.3.0_beta9'
PATH_SEPARATOR=':'
PKG_CONFIG='/usr/bin/pkg-config'
RANLIB='ranlib'
SET_MAKE=''
SHELL='/bin/sh'
SNDFILE_CFLAGS=' '
SNDFILE_LIBS='-lsndfile  '
STRIP='strip'
VERSION='0.3.0_beta9'
ac_ct_AR='ar'
ac_ct_CC='gcc'
ac_ct_CXX='g++'
ac_ct_F77='gfortran'
ac_ct_RANLIB='ranlib'
ac_ct_STRIP='strip'
ac_pt_PKG_CONFIG='/usr/bin/pkg-config'
am__fastdepCC_FALSE='#'
am__fastdepCC_TRUE=''
am__fastdepCXX_FALSE='#'
am__fastdepCXX_TRUE=''
am__include='include'
am__leading_dot='.'
am__quote=''
bindir='${exec_prefix}/bin'
build='i686-pc-linux-gnu'
build_alias=''
build_cpu='i686'
build_os='linux-gnu'
build_vendor='pc'
compileGL_FALSE='#'
compileGL_TRUE=''
datadir='${prefix}/share'
exec_prefix='${prefix}'
host='i686-pc-linux-gnu'
host_alias=''
host_cpu='i686'
host_os='linux-gnu'
host_vendor='pc'
includedir='${prefix}/include'
infodir='${prefix}/info'
install_sh='/home/torbenh/cvs/galan-0.3/install-sh'
libdir='${exec_prefix}/lib'
libexecdir='${exec_prefix}/libexec'
localstatedir='${prefix}/var'
mandir='${prefix}/man'
oldincludedir='/usr/include'
prefix='/usr/local'
program_transform_name='s,x,x,'
sbindir='${exec_prefix}/sbin'
sharedstatedir='${prefix}/com'
sysconfdir='${prefix}/etc'
target_alias=''

## ----------- ##
## confdefs.h. ##
## ----------- ##

#define FFTW_PREFIX 0
#define HAVE_AUDIOFILE_H 1
#define HAVE_DLFCN_H 1
#define HAVE_INTTYPES_H 1
#define HAVE_LIBASOUND 1
#define HAVE_LRDF 1
#define HAVE_MEMORY_H 1
#define HAVE_SRFFTW_H 1
#define HAVE_STDINT_H 1
#define HAVE_STDLIB_H 1
#define HAVE_STRINGS_H 1
#define HAVE_STRING_H 1
#define HAVE_SYS_SOUNDCARD_H 1
#define HAVE_SYS_STAT_H 1
#define HAVE_SYS_TYPES_H 1
#define HAVE_UNISTD_H 1
#define PACKAGE "galan"
#define PACKAGE_BUGREPORT "torbenh@users.sourceforge.net"
#define PACKAGE_NAME "galan"
#define PACKAGE_STRING "galan 0.3.0_beta9"
#define PACKAGE_TARNAME "galan"
#define PACKAGE_VERSION "0.3.0_beta9"
#define STDC_HEADERS 1
#define STDC_HEADERS 1
#define VERSION "0.3.0_beta9"
#define WANT_FLOATING_POINT_SAMPLES 1
#endif
#ifdef __cplusplus
extern "C" void std::exit (int) throw (); using std::exit;

configure: exit 0

## ---------------------- ##
## Running config.status. ##
## ---------------------- ##

This file was extended by galan config.status 0.3.0_beta9, which was
generated by GNU Autoconf 2.59.  Invocation command line was

  CONFIG_FILES    = 
  CONFIG_HEADERS  = 
  CONFIG_LINKS    = 
  CONFIG_COMMANDS = 
  $ ./config.status src/Makefile depfiles

on mobilat

config.status:753: creating src/Makefile
config.status:1161: executing depfiles commands
